TN:
SF:src/index.js
FN:6,(anonymous_0)
FN:10,(anonymous_1)
FN:34,(anonymous_2)
FN:63,(anonymous_3)
FN:65,(anonymous_4)
FNF:5
FNH:5
FNDA:1,(anonymous_0)
FNDA:7,(anonymous_1)
FNDA:7,(anonymous_2)
FNDA:2,(anonymous_3)
FNDA:1,(anonymous_4)
DA:6,1
DA:7,1
DA:8,1
DA:9,1
DA:11,7
DA:12,7
DA:13,7
DA:14,1
DA:15,1
DA:16,1
DA:17,6
DA:18,2
DA:19,2
DA:20,2
DA:21,4
DA:22,2
DA:23,2
DA:24,2
DA:26,2
DA:27,2
DA:28,2
DA:30,7
DA:32,1
DA:33,1
DA:34,1
DA:35,7
DA:37,2
DA:38,2
DA:40,2
DA:41,1
DA:42,1
DA:44,1
DA:47,2
DA:48,1
DA:50,1
DA:52,2
DA:54,1
DA:55,1
DA:56,0
DA:58,6
DA:60,1
DA:63,2
DA:66,1
DA:67,1
DA:68,1
DA:69,1
DA:71,1
LF:47
LH:46
BRDA:13,0,0,1
BRDA:13,0,1,6
BRDA:13,1,0,7
BRDA:13,1,1,1
BRDA:17,2,0,2
BRDA:17,2,1,4
BRDA:17,3,0,6
BRDA:17,3,1,6
BRDA:21,4,0,2
BRDA:21,4,1,2
BRDA:35,5,0,2
BRDA:35,5,1,2
BRDA:35,5,2,2
BRDA:35,5,3,1
BRDA:35,5,4,0
BRDA:40,6,0,1
BRDA:40,6,1,1
BRDA:47,7,0,1
BRDA:47,7,1,1
BRF:19
BRH:18
end_of_record
